C:\USERS\VISION\DOCUMENTS\VISUAL STUDIO 2012\PROJECTS\OPENGL-PROJECT\OPENGL-PROJECT\DEBUG\COLOMN.OBJ
C:\USERS\VISION\DOCUMENTS\VISUAL STUDIO 2012\PROJECTS\OPENGL-PROJECT\OPENGL-PROJECT\DEBUG\COLOR.OBJ
C:\USERS\VISION\DOCUMENTS\VISUAL STUDIO 2012\PROJECTS\OPENGL-PROJECT\OPENGL-PROJECT\DEBUG\DOMESOFALAQSA.OBJ
C:\USERS\VISION\DOCUMENTS\VISUAL STUDIO 2012\PROJECTS\OPENGL-PROJECT\OPENGL-PROJECT\DEBUG\FLAT.OBJ
C:\USERS\VISION\DOCUMENTS\VISUAL STUDIO 2012\PROJECTS\OPENGL-PROJECT\OPENGL-PROJECT\DEBUG\GARDEN.OBJ
C:\USERS\VISION\DOCUMENTS\VISUAL STUDIO 2012\PROJECTS\OPENGL-PROJECT\OPENGL-PROJECT\DEBUG\ISLAMICMUSUEM.OBJ
C:\USERS\VISION\DOCUMENTS\VISUAL STUDIO 2012\PROJECTS\OPENGL-PROJECT\OPENGL-PROJECT\DEBUG\MATH3D.OBJ
C:\USERS\VISION\DOCUMENTS\VISUAL STUDIO 2012\PROJECTS\OPENGL-PROJECT\OPENGL-PROJECT\DEBUG\MODEL_3DS.OBJ
C:\USERS\VISION\DOCUMENTS\VISUAL STUDIO 2012\PROJECTS\OPENGL-PROJECT\OPENGL-PROJECT\DEBUG\MOSQUE.OBJ
C:\USERS\VISION\DOCUMENTS\VISUAL STUDIO 2012\PROJECTS\OPENGL-PROJECT\OPENGL-PROJECT\DEBUG\POINT.OBJ
C:\USERS\VISION\DOCUMENTS\VISUAL STUDIO 2012\PROJECTS\OPENGL-PROJECT\OPENGL-PROJECT\DEBUG\PRIMITIVEDRAWER.OBJ
C:\USERS\VISION\DOCUMENTS\VISUAL STUDIO 2012\PROJECTS\OPENGL-PROJECT\OPENGL-PROJECT\DEBUG\QIBLIMOSQUE.OBJ
C:\USERS\VISION\DOCUMENTS\VISUAL STUDIO 2012\PROJECTS\OPENGL-PROJECT\OPENGL-PROJECT\DEBUG\SOOR.OBJ
C:\USERS\VISION\DOCUMENTS\VISUAL STUDIO 2012\PROJECTS\OPENGL-PROJECT\OPENGL-PROJECT\DEBUG\SOUND.OBJ
C:\USERS\VISION\DOCUMENTS\VISUAL STUDIO 2012\PROJECTS\OPENGL-PROJECT\OPENGL-PROJECT\DEBUG\SOURCE.OBJ
C:\USERS\VISION\DOCUMENTS\VISUAL STUDIO 2012\PROJECTS\OPENGL-PROJECT\OPENGL-PROJECT\DEBUG\STAIRS.OBJ
C:\USERS\VISION\DOCUMENTS\VISUAL STUDIO 2012\PROJECTS\OPENGL-PROJECT\OPENGL-PROJECT\DEBUG\STDAFX.OBJ
C:\USERS\VISION\DOCUMENTS\VISUAL STUDIO 2012\PROJECTS\OPENGL-PROJECT\OPENGL-PROJECT\DEBUG\TEXTURE.OBJ
C:\USERS\VISION\DOCUMENTS\VISUAL STUDIO 2012\PROJECTS\OPENGL-PROJECT\OPENGL-PROJECT\DEBUG\TREE.OBJ
C:\USERS\VISION\DOCUMENTS\VISUAL STUDIO 2012\PROJECTS\OPENGL-PROJECT\OPENGL-PROJECT\DEBUG\WAVE.OBJ
C:\USERS\VISION\DOCUMENTS\VISUAL STUDIO 2012\PROJECTS\OPENGL-PROJECT\OPENGL-PROJECT\DEBUG\3DTEXTURE.OBJ
C:\USERS\VISION\DOCUMENTS\VISUAL STUDIO 2012\PROJECTS\OPENGL-PROJECT\OPENGL-PROJECT\DEBUG\AHMADIYYASCHOOL.OBJ
C:\USERS\VISION\DOCUMENTS\VISUAL STUDIO 2012\PROJECTS\OPENGL-PROJECT\OPENGL-PROJECT\DEBUG\CAMERA.OBJ
C:\USERS\VISION\DOCUMENTS\VISUAL STUDIO 2012\PROJECTS\OPENGL-PROJECT\OPENGL-PROJECT\DEBUG\COLLISION.OBJ
C:\USERS\VISION\DOCUMENTS\VISUAL STUDIO 2012\PROJECTS\OPENGL-PROJECT\OPENGL-PROJECT\DEBUG\COLLISIONWALL.OBJ
C:\USERS\VISION\DOCUMENTS\VISUAL STUDIO 2012\PROJECTS\OPENGL-PROJECT\OPENGL-PROJECT\DEBUG\VC110.PDB
C:\USERS\VISION\DOCUMENTS\VISUAL STUDIO 2012\PROJECTS\OPENGL-PROJECT\OPENGL-PROJECT\DEBUG\PRIMITIVESOOR.OBJ
C:\USERS\VISION\DOCUMENTS\VISUAL STUDIO 2012\PROJECTS\OPENGL-PROJECT\DEBUG\OPENGL-PROJECT.ILK
C:\USERS\VISION\DOCUMENTS\VISUAL STUDIO 2012\PROJECTS\OPENGL-PROJECT\DEBUG\OPENGL-PROJECT.EXE
C:\USERS\VISION\DOCUMENTS\VISUAL STUDIO 2012\PROJECTS\OPENGL-PROJECT\DEBUG\OPENGL-PROJECT.PDB
C:\Users\VISION\Documents\Visual Studio 2012\Projects\OpenGl-Project\OpenGl-Project\Debug\3DTexture.obj
C:\Users\VISION\Documents\Visual Studio 2012\Projects\OpenGl-Project\OpenGl-Project\Debug\AhmadiyyaSchool.obj
C:\Users\VISION\Documents\Visual Studio 2012\Projects\OpenGl-Project\OpenGl-Project\Debug\camera.obj
C:\Users\VISION\Documents\Visual Studio 2012\Projects\OpenGl-Project\OpenGl-Project\Debug\Collision.obj
C:\Users\VISION\Documents\Visual Studio 2012\Projects\OpenGl-Project\OpenGl-Project\Debug\CollisionWall.obj
C:\Users\VISION\Documents\Visual Studio 2012\Projects\OpenGl-Project\OpenGl-Project\Debug\Colomn.obj
C:\Users\VISION\Documents\Visual Studio 2012\Projects\OpenGl-Project\OpenGl-Project\Debug\Color.obj
C:\Users\VISION\Documents\Visual Studio 2012\Projects\OpenGl-Project\OpenGl-Project\Debug\DomesofAlAqsa.obj
C:\Users\VISION\Documents\Visual Studio 2012\Projects\OpenGl-Project\OpenGl-Project\Debug\Flat.obj
C:\Users\VISION\Documents\Visual Studio 2012\Projects\OpenGl-Project\OpenGl-Project\Debug\Garden.obj
C:\Users\VISION\Documents\Visual Studio 2012\Projects\OpenGl-Project\OpenGl-Project\Debug\IslamicMusuem.obj
C:\Users\VISION\Documents\Visual Studio 2012\Projects\OpenGl-Project\OpenGl-Project\Debug\math3d.obj
C:\Users\VISION\Documents\Visual Studio 2012\Projects\OpenGl-Project\OpenGl-Project\Debug\Model_3DS.obj
C:\Users\VISION\Documents\Visual Studio 2012\Projects\OpenGl-Project\OpenGl-Project\Debug\Mosque.obj
C:\Users\VISION\Documents\Visual Studio 2012\Projects\OpenGl-Project\OpenGl-Project\Debug\Point.obj
C:\Users\VISION\Documents\Visual Studio 2012\Projects\OpenGl-Project\OpenGl-Project\Debug\PrimitiveDrawer.obj
C:\Users\VISION\Documents\Visual Studio 2012\Projects\OpenGl-Project\OpenGl-Project\Debug\PrimitiveSoor.obj
C:\Users\VISION\Documents\Visual Studio 2012\Projects\OpenGl-Project\OpenGl-Project\Debug\QibliMosque.obj
C:\Users\VISION\Documents\Visual Studio 2012\Projects\OpenGl-Project\OpenGl-Project\Debug\Soor.obj
C:\Users\VISION\Documents\Visual Studio 2012\Projects\OpenGl-Project\OpenGl-Project\Debug\Sound.obj
C:\Users\VISION\Documents\Visual Studio 2012\Projects\OpenGl-Project\OpenGl-Project\Debug\Source.obj
C:\Users\VISION\Documents\Visual Studio 2012\Projects\OpenGl-Project\OpenGl-Project\Debug\Stairs.obj
C:\Users\VISION\Documents\Visual Studio 2012\Projects\OpenGl-Project\OpenGl-Project\Debug\StdAfx.obj
C:\Users\VISION\Documents\Visual Studio 2012\Projects\OpenGl-Project\OpenGl-Project\Debug\texture.obj
C:\Users\VISION\Documents\Visual Studio 2012\Projects\OpenGl-Project\OpenGl-Project\Debug\Tree.obj
C:\Users\VISION\Documents\Visual Studio 2012\Projects\OpenGl-Project\OpenGl-Project\Debug\Wave.obj
C:\Users\VISION\Documents\Visual Studio 2012\Projects\OpenGl-Project\OpenGl-Project\Debug\cl.command.1.tlog
C:\Users\VISION\Documents\Visual Studio 2012\Projects\OpenGl-Project\OpenGl-Project\Debug\CL.read.1.tlog
C:\Users\VISION\Documents\Visual Studio 2012\Projects\OpenGl-Project\OpenGl-Project\Debug\CL.write.1.tlog
C:\Users\VISION\Documents\Visual Studio 2012\Projects\OpenGl-Project\OpenGl-Project\Debug\link-cvtres.read.1.tlog
C:\Users\VISION\Documents\Visual Studio 2012\Projects\OpenGl-Project\OpenGl-Project\Debug\link-cvtres.write.1.tlog
C:\Users\VISION\Documents\Visual Studio 2012\Projects\OpenGl-Project\OpenGl-Project\Debug\link-mt.read.1.tlog
C:\Users\VISION\Documents\Visual Studio 2012\Projects\OpenGl-Project\OpenGl-Project\Debug\link-mt.write.1.tlog
C:\Users\VISION\Documents\Visual Studio 2012\Projects\OpenGl-Project\OpenGl-Project\Debug\link-rc.read.1.tlog
C:\Users\VISION\Documents\Visual Studio 2012\Projects\OpenGl-Project\OpenGl-Project\Debug\link-rc.write.1.tlog
C:\Users\VISION\Documents\Visual Studio 2012\Projects\OpenGl-Project\OpenGl-Project\Debug\link.8112-cvtres.read.1.tlog
C:\Users\VISION\Documents\Visual Studio 2012\Projects\OpenGl-Project\OpenGl-Project\Debug\link.8112-cvtres.write.1.tlog
C:\Users\VISION\Documents\Visual Studio 2012\Projects\OpenGl-Project\OpenGl-Project\Debug\link.8112-mt.read.1.tlog
C:\Users\VISION\Documents\Visual Studio 2012\Projects\OpenGl-Project\OpenGl-Project\Debug\link.8112-mt.write.1.tlog
C:\Users\VISION\Documents\Visual Studio 2012\Projects\OpenGl-Project\OpenGl-Project\Debug\link.8112-rc.read.1.tlog
C:\Users\VISION\Documents\Visual Studio 2012\Projects\OpenGl-Project\OpenGl-Project\Debug\link.8112-rc.write.1.tlog
C:\Users\VISION\Documents\Visual Studio 2012\Projects\OpenGl-Project\OpenGl-Project\Debug\link.8112.read.1.tlog
C:\Users\VISION\Documents\Visual Studio 2012\Projects\OpenGl-Project\OpenGl-Project\Debug\link.8112.write.1.tlog
C:\Users\VISION\Documents\Visual Studio 2012\Projects\OpenGl-Project\OpenGl-Project\Debug\link.command.1.tlog
C:\Users\VISION\Documents\Visual Studio 2012\Projects\OpenGl-Project\OpenGl-Project\Debug\link.read.1.tlog
C:\Users\VISION\Documents\Visual Studio 2012\Projects\OpenGl-Project\OpenGl-Project\Debug\link.write.1.tlog
C:\Users\VISION\Documents\Visual Studio 2012\Projects\OpenGl-Project\OpenGl-Project\Debug\vc110.idb
C:\Users\VISION\Documents\Visual Studio 2012\Projects\OpenGl-Project\OpenGl-Project\Debug\vc110.pdb
C:\Users\VISION\Documents\Visual Studio 2012\Projects\OpenGl-Project\Debug\OpenGl-Project.pdb
C:\Users\VISION\Documents\Visual Studio 2012\Projects\OpenGl-Project\Debug\OpenGl-Project.exe
C:\Users\VISION\Documents\Visual Studio 2012\Projects\OpenGl-Project\Debug\OpenGl-Project.ilk
