Build started 1/8/2024 2:43:42 AM.
     1>Project "C:\Users\VISION\Documents\Visual Studio 2012\Projects\OpenGl-Project\OpenGl-Project\OpenGl-Project.vcxproj" on node 2 (Build target(s)).
     1>Link:
         C:\Program Files (x86)\Microsoft Visual Studio 11.0\VC\bin\link.exe /ERRORREPORT:PROMPT /OUT:"C:\Users\VISION\Documents\Visual Studio 2012\Projects\OpenGl-Project\Release\OpenGl-Project.exe" /NOLOGO /MANIFEST /MANIFESTUAC:"level='asInvoker' uiAccess='false'" /manifest:embed /manifestinput:"C:\Program Files (x86)\Microsoft Visual Studio 11.0\VC\Include\Manifest\dpiaware.manifest" /DEBUG /PDB:"C:\Users\VISION\Documents\Visual Studio 2012\Projects\OpenGl-Project\Release\OpenGl-Project.pdb" /OPT:REF /OPT:ICF /LTCG /TLBID:1 /DYNAMICBASE /NXCOMPAT /IMPLIB:"C:\Users\VISION\Documents\Visual Studio 2012\Projects\OpenGl-Project\Release\OpenGl-Project.lib" /MACHINE:X86 /SAFESEH:NO Release\3DTexture.obj
         Release\AhmadiyyaSchool.obj
         Release\camera.obj
         Release\Collision.obj
         Release\CollisionWall.obj
         Release\Colomn.obj
         Release\Color.obj
         Release\DomesofAlAqsa.obj
         Release\Flat.obj
         Release\Garden.obj
         Release\IslamicMusuem.obj
         Release\math3d.obj
         Release\Model_3DS.obj
         Release\Mosque.obj
         Release\Point.obj
         Release\PrimitiveDrawer.obj
         Release\PrimitiveSoor.obj
         Release\QibliMosque.obj
         Release\Soor.obj
         Release\Sound.obj
         Release\Source.obj
         Release\Stairs.obj
         Release\StdAfx.obj
         Release\texture.obj
         Release\Tree.obj
         Release\Wave.obj
         Generating code
         Finished generating code
         OpenGl-Project.vcxproj -> C:\Users\VISION\Documents\Visual Studio 2012\Projects\OpenGl-Project\Release\OpenGl-Project.exe
     1>Done Building Project "C:\Users\VISION\Documents\Visual Studio 2012\Projects\OpenGl-Project\OpenGl-Project\OpenGl-Project.vcxproj" (Build target(s)).

Build succeeded.

Time Elapsed 00:00:01.08
